<?xml version="1.0" encoding="UTF-8"?>
<testsuites name="LoginApplication" time="37" tests="1" failures="0" errors="0">
   <testsuite name="LoginApplication" tests="1" failures="0" errors="0" time="37" timestamp="2019-04-23 16:40:15" hostname="dipak - DIPAKDAS-PC.indusnettechnologies.com" id="Test Suites/LoginApplication">
      <properties>
         <property name="deviceName" value=""/>
         <property name="devicePlatform" value=""/>
         <property name="logFolder" value="D:\\Demo\\JenkinsGitDemo\\Reports\\LoginApplication\\20190423_164014"/>
         <property name="logFiles" value="D:\\Demo\\JenkinsGitDemo\\Reports\\LoginApplication\\20190423_164014\\execution0.log"/>
         <property name="attachments" value=""/>
         <property name="hostName" value="dipak - DIPAKDAS-PC.indusnettechnologies.com"/>
         <property name="os" value="Windows 7 32bit"/>
         <property name="katalonVersion" value="6.0.5.4"/>
         <property name="browser" value="Chrome 73.0.3683.103"/>
         <property name="hostAddress" value="10.0.12.237"/>
         <property name="sessionId" value="e716b20d2581ccb4a47fa4fe8378fedb"/>
         <property name="seleniumVersion" value="3.7.1"/>
         <property name="proxyInformation" value="ProxyInformation{proxyOption=NO_PROXY, proxyServerType=HTTP, password=, proxyServerAddress=, proxyServerPort=0}"/>
         <property name="platform" value="Windows 7"/>
      </properties>
      <testcase name="Test Cases/LoginApplication" classname="Test Cases/LoginApplication" status="PASSED">
         <system-out><![CDATA[2019-04-23 16:40:15 - [TEST_CASE][PASSED] - Test Cases/LoginApplication: Test Cases/LoginApplication

2019-04-23 16:40:16 - [TEST_STEP][PASSED] - openBrowser(""): Browser is opened with url: ''

2019-04-23 16:40:16 - [MESSAGE][INFO] - Starting 'Chrome' driver

2019-04-23 16:40:16 - [MESSAGE][INFO] - Action delay is set to 0 seconds

2019-04-23 16:40:19 - [MESSAGE][PASSED] - Browser is opened with url: ''

2019-04-23 16:40:19 - [TEST_STEP][PASSED] - navigateToUrl("https://dev.offshoresoftwaresolutions.net/markit_coreV2/Sites/CoreTest/login/admin_display"): Navigate to 'https://dev.offshoresoftwaresolutions.net/markit_coreV2/Sites/CoreTest/login/admin_display' successfully

2019-04-23 16:40:27 - [MESSAGE][PASSED] - Navigate to 'https://dev.offshoresoftwaresolutions.net/markit_coreV2/Sites/CoreTest/login/admin_display' successfully

2019-04-23 16:40:27 - [TEST_STEP][PASSED] - delay(3): Delayed 3 second(s)

2019-04-23 16:40:30 - [MESSAGE][PASSED] - Delayed 3 second(s)

2019-04-23 16:40:30 - [TEST_STEP][PASSED] - setText(findTestObject("input_Login to your account_username"), "dDasTester"): Text 'dDasTester' is set on object 'Object Repository/input_Login to your account_username'

2019-04-23 16:40:30 - [MESSAGE][PASSED] - Text 'dDasTester' is set on object 'Object Repository/input_Login to your account_username'

2019-04-23 16:40:30 - [TEST_STEP][PASSED] - setText(findTestObject("input_Login to your account_password"), "Czybm6R*"): Text 'Czybm6R*' is set on object 'Object Repository/input_Login to your account_password'

2019-04-23 16:40:30 - [MESSAGE][PASSED] - Text 'Czybm6R*' is set on object 'Object Repository/input_Login to your account_password'

2019-04-23 16:40:30 - [TEST_STEP][PASSED] - delay(4, STOP_ON_FAILURE): Delayed 4 second(s)

2019-04-23 16:40:34 - [MESSAGE][PASSED] - Delayed 4 second(s)

2019-04-23 16:40:34 - [TEST_STEP][PASSED] - maximizeWindow(): Current window maximized

2019-04-23 16:40:34 - [MESSAGE][PASSED] - Current window maximized

2019-04-23 16:40:34 - [TEST_STEP][PASSED] - click(findTestObject("button_Login")): Object: 'Object Repository/button_Login' is clicked on

2019-04-23 16:40:48 - [MESSAGE][PASSED] - Object: 'Object Repository/button_Login' is clicked on

2019-04-23 16:40:48 - [TEST_STEP][PASSED] - delay(5): Delayed 5 second(s)

2019-04-23 16:40:53 - [MESSAGE][PASSED] - Delayed 5 second(s)

2019-04-23 16:40:53 - [TEST_STEP][PASSED] - closeBrowser(): Browser is closed

2019-04-23 16:40:53 - [MESSAGE][PASSED] - Browser is closed]]></system-out>
         <system-err><![CDATA[]]></system-err>
      </testcase>
      <system-out><![CDATA[2019-04-23 16:40:15 - [TEST_SUITE][PASSED] - LoginApplication: Test Cases/LoginApplication]]></system-out>
      <system-err><![CDATA[]]></system-err>
   </testsuite>
</testsuites>
